# JRE version: Java(TM) SE Runtime Environment (8.0_112-b15) (build 1.8.0_112-b15)
# Java VM: Java HotSpot(TM) 64-Bit Server VM (25.112-b15 mixed mode windows-amd64 compressed oops)
Heap:
 PSYoungGen      total 236032K, used 66052K [0x00000000d5f00000, 0x00000000ea380000, 0x0000000100000000)
  eden space 223232K, 24% used [0x00000000d5f00000,0x00000000d9469dd0,0x00000000e3900000)
  from space 12800K, 88% used [0x00000000e3900000,0x00000000e44173d8,0x00000000e4580000)
  to   space 13824K, 0% used [0x00000000e9600000,0x00000000e9600000,0x00000000ea380000)
 ParOldGen       total 71680K, used 16205K [0x0000000081c00000, 0x0000000086200000, 0x00000000d5f00000)
  object space 71680K, 22% used [0x0000000081c00000,0x0000000082bd3658,0x0000000086200000)
 Metaspace       used 45490K, capacity 47765K, committed 47952K, reserved 1091584K
  class space    used 5979K, capacity 6402K, committed 6528K, reserved 1048576K
GC Heap History (10 events):
Event: 5.080 GC heap before
{Heap before GC invocations=7 (full 1):
 PSYoungGen      total 71680K, used 66560K [0x00000000d5f00000, 0x00000000df300000, 0x0000000100000000)
  eden space 66560K, 100% used [0x00000000d5f00000,0x00000000da000000,0x00000000da000000)
  from space 5120K, 0% used [0x00000000da000000,0x00000000da000000,0x00000000da500000)
  to   space 9216K, 0% used [0x00000000dea00000,0x00000000dea00000,0x00000000df300000)
 ParOldGen       total 47616K, used 5864K [0x0000000081c00000, 0x0000000084a80000, 0x00000000d5f00000)
  object space 47616K, 12% used [0x0000000081c00000,0x00000000821ba2d0,0x0000000084a80000)
 Metaspace       used 23565K, capacity 24358K, committed 24572K, reserved 1071104K
  class space    used 3134K, capacity 3311K, committed 3328K, reserved 1048576K
Event: 5.092 GC heap after
Heap after GC invocations=7 (full 1):
 PSYoungGen      total 129024K, used 5503K [0x00000000d5f00000, 0x00000000def80000, 0x0000000100000000)
  eden space 123392K, 0% used [0x00000000d5f00000,0x00000000d5f00000,0x00000000dd780000)
  from space 5632K, 97% used [0x00000000dea00000,0x00000000def5fee0,0x00000000def80000)
  to   space 8704K, 0% used [0x00000000dde80000,0x00000000dde80000,0x00000000de700000)
 ParOldGen       total 47616K, used 5872K [0x0000000081c00000, 0x0000000084a80000, 0x00000000d5f00000)
  object space 47616K, 12% used [0x0000000081c00000,0x00000000821bc2d0,0x0000000084a80000)
 Metaspace       used 23565K, capacity 24358K, committed 24572K, reserved 1071104K
  class space    used 3134K, capacity 3311K, committed 3328K, reserved 1048576K
}
Event: 6.534 GC heap before
{Heap before GC invocations=8 (full 1):
 PSYoungGen      total 129024K, used 128895K [0x00000000d5f00000, 0x00000000def80000, 0x0000000100000000)
  eden space 123392K, 100% used [0x00000000d5f00000,0x00000000dd780000,0x00000000dd780000)
  from space 5632K, 97% used [0x00000000dea00000,0x00000000def5fee0,0x00000000def80000)
  to   space 8704K, 0% used [0x00000000dde80000,0x00000000dde80000,0x00000000de700000)
 ParOldGen       total 47616K, used 5872K [0x0000000081c00000, 0x0000000084a80000, 0x00000000d5f00000)
  object space 47616K, 12% used [0x0000000081c00000,0x00000000821bc2d0,0x0000000084a80000)
 Metaspace       used 32073K, capacity 33098K, committed 33276K, reserved 1077248K
  class space    used 4272K, capacity 4527K, committed 4608K, reserved 1048576K
Event: 6.550 GC heap after
Heap after GC invocations=8 (full 1):
 PSYoungGen      total 139264K, used 8703K [0x00000000d5f00000, 0x00000000e5100000, 0x0000000100000000)
  eden space 130560K, 0% used [0x00000000d5f00000,0x00000000d5f00000,0x00000000dde80000)
  from space 8704K, 99% used [0x00000000dde80000,0x00000000de6ffd68,0x00000000de700000)
  to   space 11776K, 0% used [0x00000000e4580000,0x00000000e4580000,0x00000000e5100000)
 ParOldGen       total 47616K, used 9853K [0x0000000081c00000, 0x0000000084a80000, 0x00000000d5f00000)
  object space 47616K, 20% used [0x0000000081c00000,0x000000008259f730,0x0000000084a80000)
 Metaspace       used 32073K, capacity 33098K, committed 33276K, reserved 1077248K
  class space    used 4272K, capacity 4527K, committed 4608K, reserved 1048576K
}
Event: 7.026 GC heap before
{Heap before GC invocations=9 (full 1):
 PSYoungGen      total 139264K, used 61556K [0x00000000d5f00000, 0x00000000e5100000, 0x0000000100000000)
  eden space 130560K, 40% used [0x00000000d5f00000,0x00000000d929d630,0x00000000dde80000)
  from space 8704K, 99% used [0x00000000dde80000,0x00000000de6ffd68,0x00000000de700000)
  to   space 11776K, 0% used [0x00000000e4580000,0x00000000e4580000,0x00000000e5100000)
 ParOldGen       total 47616K, used 9853K [0x0000000081c00000, 0x0000000084a80000, 0x00000000d5f00000)
  object space 47616K, 20% used [0x0000000081c00000,0x000000008259f730,0x0000000084a80000)
 Metaspace       used 34423K, capacity 35837K, committed 36048K, reserved 1081344K
  class space    used 4595K, capacity 4864K, committed 4864K, reserved 1048576K
Event: 7.053 GC heap after
Heap after GC invocations=9 (full 1):
 PSYoungGen      total 235008K, used 10582K [0x00000000d5f00000, 0x00000000e5f80000, 0x0000000100000000)
  eden space 223232K, 0% used [0x00000000d5f00000,0x00000000d5f00000,0x00000000e3900000)
  from space 11776K, 89% used [0x00000000e4580000,0x00000000e4fd59b8,0x00000000e5100000)
  to   space 12800K, 0% used [0x00000000e3900000,0x00000000e3900000,0x00000000e4580000)
 ParOldGen       total 47616K, used 9869K [0x0000000081c00000, 0x0000000084a80000, 0x00000000d5f00000)
  object space 47616K, 20% used [0x0000000081c00000,0x00000000825a3730,0x0000000084a80000)
 Metaspace       used 34423K, capacity 35837K, committed 36048K, reserved 1081344K
  class space    used 4595K, capacity 4864K, committed 4864K, reserved 1048576K
}
Event: 7.053 GC heap before
{Heap before GC invocations=10 (full 2):
 PSYoungGen      total 235008K, used 10582K [0x00000000d5f00000, 0x00000000e5f80000, 0x0000000100000000)
  eden space 223232K, 0% used [0x00000000d5f00000,0x00000000d5f00000,0x00000000e3900000)
  from space 11776K, 89% used [0x00000000e4580000,0x00000000e4fd59b8,0x00000000e5100000)
  to   space 12800K, 0% used [0x00000000e3900000,0x00000000e3900000,0x00000000e4580000)
 ParOldGen       total 47616K, used 9869K [0x0000000081c00000, 0x0000000084a80000, 0x00000000d5f00000)
  object space 47616K, 20% used [0x0000000081c00000,0x00000000825a3730,0x0000000084a80000)
 Metaspace       used 34423K, capacity 35837K, committed 36048K, reserved 1081344K
  class space    used 4595K, capacity 4864K, committed 4864K, reserved 1048576K
Event: 7.166 GC heap after
Heap after GC invocations=10 (full 2):
 PSYoungGen      total 235008K, used 0K [0x00000000d5f00000, 0x00000000e5f80000, 0x0000000100000000)
  eden space 223232K, 0% used [0x00000000d5f00000,0x00000000d5f00000,0x00000000e3900000)
  from space 11776K, 0% used [0x00000000e4580000,0x00000000e4580000,0x00000000e5100000)
  to   space 12800K, 0% used [0x00000000e3900000,0x00000000e3900000,0x00000000e4580000)
 ParOldGen       total 71680K, used 16197K [0x0000000081c00000, 0x0000000086200000, 0x00000000d5f00000)
  object space 71680K, 22% used [0x0000000081c00000,0x0000000082bd1658,0x0000000086200000)
 Metaspace       used 34423K, capacity 35837K, committed 36048K, reserved 1081344K
  class space    used 4595K, capacity 4864K, committed 4864K, reserved 1048576K
}
Event: 20.909 GC heap before
{Heap before GC invocations=11 (full 2):
 PSYoungGen      total 235008K, used 223232K [0x00000000d5f00000, 0x00000000e5f80000, 0x0000000100000000)
  eden space 223232K, 100% used [0x00000000d5f00000,0x00000000e3900000,0x00000000e3900000)
  from space 11776K, 0% used [0x00000000e4580000,0x00000000e4580000,0x00000000e5100000)
  to   space 12800K, 0% used [0x00000000e3900000,0x00000000e3900000,0x00000000e4580000)
 ParOldGen       total 71680K, used 16197K [0x0000000081c00000, 0x0000000086200000, 0x00000000d5f00000)
  object space 71680K, 22% used [0x0000000081c00000,0x0000000082bd1658,0x0000000086200000)
 Metaspace       used 41594K, capacity 43777K, committed 43856K, reserved 1087488K
  class space    used 5598K, capacity 5988K, committed 6016K, reserved 1048576K
Event: 20.925 GC heap after
Heap after GC invocations=11 (full 2):
 PSYoungGen      total 236032K, used 11356K [0x00000000d5f00000, 0x00000000ea380000, 0x0000000100000000)
  eden space 223232K, 0% used [0x00000000d5f00000,0x00000000d5f00000,0x00000000e3900000)
  from space 12800K, 88% used [0x00000000e3900000,0x00000000e44173d8,0x00000000e4580000)
  to   space 13824K, 0% used [0x00000000e9600000,0x00000000e9600000,0x00000000ea380000)
 ParOldGen       total 71680K, used 16205K [0x0000000081c00000, 0x0000000086200000, 0x00000000d5f00000)
  object space 71680K, 22% used [0x0000000081c00000,0x0000000082bd3658,0x0000000086200000)
 Metaspace       used 41594K, capacity 43777K, committed 43856K, reserved 1087488K
  class space    used 5598K, capacity 5988K, committed 6016K, reserved 1048576K
}

